Using pre-set license
Built from '2020.3/staging' branch; Version is '2020.3.14f1 (d0d1bb862f9d) revision 13685179'; Using compiler version '192528614'; Build Type 'Release'
OS: 'Windows 10 Pro; OS build 22621.674; Version 2009; 64bit' Language: 'en' Physical Memory: 16226 MB
BatchMode: 1, IsHumanControllingUs: 0, StartBugReporterOnCrash: 0, Is64bit: 1, IsPro: 0

 COMMAND LINE ARGUMENTS:
C:\Program Files\Unity\Hub\Editor\2020.3.14f1\Editor\Unity.exe
-adb2
-batchMode
-noUpm
-name
AssetImportWorker0
-projectPath
E:/hcmus/game_dev/projects/GarcolMaze/GarcolMaze
-logFile
Logs/AssetImportWorker0.log
-srvPort
63964
Successfully changed project path to: E:/hcmus/game_dev/projects/GarcolMaze/GarcolMaze
E:/hcmus/game_dev/projects/GarcolMaze/GarcolMaze
Using Asset Import Pipeline V2.
Refreshing native plugins compatible for Editor in 72.45 ms, found 3 plugins.
Preloading 0 native plugins for Editor in 0.00 ms.
Initialize engine version: 2020.3.14f1 (d0d1bb862f9d)
[Subsystems] Discovering subsystems at path C:/Program Files/Unity/Hub/Editor/2020.3.14f1/Editor/Data/Resources/UnitySubsystems
[Subsystems] Discovering subsystems at path E:/hcmus/game_dev/projects/GarcolMaze/GarcolMaze/Assets
GfxDevice: creating device client; threaded=0
Direct3D:
    Version:  Direct3D 11.0 [level 11.1]
    Renderer: NVIDIA GeForce GTX 1050 (ID=0x1c8d)
    Vendor:   
    VRAM:     4019 MB
    Driver:   30.0.15.1165
Initialize mono
Mono path[0] = 'C:/Program Files/Unity/Hub/Editor/2020.3.14f1/Editor/Data/Managed'
Mono path[1] = 'C:/Program Files/Unity/Hub/Editor/2020.3.14f1/Editor/Data/MonoBleedingEdge/lib/mono/unityjit'
Mono config path = 'C:/Program Files/Unity/Hub/Editor/2020.3.14f1/Editor/Data/MonoBleedingEdge/etc'
Using monoOptions --debugger-agent=transport=dt_socket,embedding=1,server=y,suspend=n,address=127.0.0.1:56712
Begin MonoManager ReloadAssembly
Registering precompiled unity dll's ...
Register platform support module: C:/Program Files/Unity/Hub/Editor/2020.3.14f1/Editor/Data/PlaybackEngines/WindowsStandaloneSupport/UnityEditor.WindowsStandalone.Extensions.dll
Registered in 0.002450 seconds.
Native extension for WindowsStandalone target not found
Refreshing native plugins compatible for Editor in 71.75 ms, found 3 plugins.
Preloading 0 native plugins for Editor in 0.00 ms.
Mono: successfully reloaded assembly
- Completed reload, in  1.917 seconds
Domain Reload Profiling:
	ReloadAssembly (1918ms)
		BeginReloadAssembly (87ms)
			ExecutionOrderSort (0ms)
			DisableScriptedObjects (0ms)
			BackupInstance (0ms)
			ReleaseScriptingObjects (0ms)
			CreateAndSetChildDomain (1ms)
		EndReloadAssembly (716ms)
			LoadAssemblies (84ms)
			RebuildTransferFunctionScriptingTraits (0ms)
			SetupTypeCache (255ms)
			ReleaseScriptCaches (0ms)
			RebuildScriptCaches (64ms)
			SetupLoadedEditorAssemblies (280ms)
				LogAssemblyErrors (0ms)
				InitializePlatformSupportModulesInManaged (8ms)
				SetLoadedEditorAssemblies (1ms)
				RefreshPlugins (72ms)
				BeforeProcessingInitializeOnLoad (24ms)
				ProcessInitializeOnLoadAttributes (128ms)
				ProcessInitializeOnLoadMethodAttributes (48ms)
				AfterProcessingInitializeOnLoad (0ms)
				EditorAssembliesLoaded (0ms)
			ExecutionOrderSort2 (0ms)
			AwakeInstancesAfterBackupRestoration (0ms)
Platform modules already initialized, skipping
Registering precompiled user dll's ...
Registered in 0.004358 seconds.
Begin MonoManager ReloadAssembly
Native extension for WindowsStandalone target not found
Refreshing native plugins compatible for Editor in 73.09 ms, found 3 plugins.
Preloading 0 native plugins for Editor in 0.00 ms.
Mono: successfully reloaded assembly
- Completed reload, in  1.948 seconds
Domain Reload Profiling:
	ReloadAssembly (1949ms)
		BeginReloadAssembly (245ms)
			ExecutionOrderSort (0ms)
			DisableScriptedObjects (9ms)
			BackupInstance (0ms)
			ReleaseScriptingObjects (0ms)
			CreateAndSetChildDomain (28ms)
		EndReloadAssembly (1602ms)
			LoadAssemblies (161ms)
			RebuildTransferFunctionScriptingTraits (0ms)
			SetupTypeCache (500ms)
			ReleaseScriptCaches (1ms)
			RebuildScriptCaches (94ms)
			SetupLoadedEditorAssemblies (616ms)
				LogAssemblyErrors (0ms)
				InitializePlatformSupportModulesInManaged (7ms)
				SetLoadedEditorAssemblies (0ms)
				RefreshPlugins (73ms)
				BeforeProcessingInitializeOnLoad (146ms)
				ProcessInitializeOnLoadAttributes (360ms)
				ProcessInitializeOnLoadMethodAttributes (21ms)
				AfterProcessingInitializeOnLoad (8ms)
				EditorAssembliesLoaded (0ms)
			ExecutionOrderSort2 (0ms)
			AwakeInstancesAfterBackupRestoration (10ms)
Platform modules already initialized, skipping
========================================================================
Worker process is ready to serve import requests
Launched and connected shader compiler UnityShaderCompiler.exe after 0.07 seconds
Refreshing native plugins compatible for Editor in 0.60 ms, found 3 plugins.
Preloading 0 native plugins for Editor in 0.00 ms.
Unloading 2084 Unused Serialized files (Serialized files now loaded: 0)
System memory in use before: 92.9 MB.
System memory in use after: 92.8 MB.

Unloading 33 unused Assets to reduce memory usage. Loaded Objects now: 2517.
Total: 4.061500 ms (FindLiveObjects: 0.252600 ms CreateObjectMapping: 0.104500 ms MarkObjects: 3.424100 ms  DeleteObjects: 0.278400 ms)

AssetImportParameters requested are different than current active one (requested -> active):
  custom:framework-win-MediaFoundation: 216162199b28c13a410421893ffa2e32 -> 
  custom:video-decoder-ogg-theora: a1e56fd34408186e4bbccfd4996cb3dc -> 
  custom:container-muxer-webm: aa71ff27fc2769a1b78a27578f13a17b -> 
  custom:container-demuxer-webm: 4f35f7cbe854078d1ac9338744f61a02 -> 
  custom:container-demuxer-ogg: 62fdf1f143b41e24485cea50d1cbac27 -> 
  custom:video-encoder-webm-vp8: eb34c28f22e8b96e1ab97ce403110664 -> 
  custom:video-decoder-webm-vp8: 9c59270c3fd7afecdb556c50c9e8de78 -> 
  custom:audio-decoder-ogg-vorbis: bf7c407c2cedff20999df2af8eb42d56 -> 
  custom:audio-encoder-webm-vorbis: bf7c407c2cedff20999df2af8eb42d56 -> 
========================================================================
Received Import Request.
  path: Assets/Images/trash_recyclable.png
  artifactKey: Guid(d4aa76ab12bbcea4db4e33af49e025b9) Importer(815301076,1909f56bfc062723c751e8b465ee728b)
Start importing Assets/Images/trash_recyclable.png using Guid(d4aa76ab12bbcea4db4e33af49e025b9) Importer(815301076,1909f56bfc062723c751e8b465ee728b)  -> (artifact id: '6c1dc64de191d88ffcc10e0e85766561') in 0.097586 seconds 
  Import took 0.104596 seconds .

========================================================================
Received Import Request.
  Time since last request: 2.723584 seconds.
  path: Assets/Images/trash_recyclable.png
  artifactKey: Guid(d4aa76ab12bbcea4db4e33af49e025b9) Importer(815301076,1909f56bfc062723c751e8b465ee728b)
Start importing Assets/Images/trash_recyclable.png using Guid(d4aa76ab12bbcea4db4e33af49e025b9) Importer(815301076,1909f56bfc062723c751e8b465ee728b)  -> (artifact id: '370bdf8ab5f721e17d0b464c5000570a') in 0.144374 seconds 
  Import took 0.149267 seconds .

========================================================================
Received Import Request.
  Time since last request: 11.272789 seconds.
  path: Assets/Images/trash_organic.png
  artifactKey: Guid(4e16a7a6f13935a4c9ef5b19c7ace4c2) Importer(815301076,1909f56bfc062723c751e8b465ee728b)
Start importing Assets/Images/trash_organic.png using Guid(4e16a7a6f13935a4c9ef5b19c7ace4c2) Importer(815301076,1909f56bfc062723c751e8b465ee728b)  -> (artifact id: '0b5de82b2f251979ed42f6c8aab79b2c') in 0.026086 seconds 
  Import took 0.033154 seconds .

========================================================================
Received Import Request.
  Time since last request: 0.001543 seconds.
  path: Assets/Images/trash_organic.png
  artifactKey: Guid(4e16a7a6f13935a4c9ef5b19c7ace4c2) Importer(815301076,1909f56bfc062723c751e8b465ee728b)
Start importing Assets/Images/trash_organic.png using Guid(4e16a7a6f13935a4c9ef5b19c7ace4c2) Importer(815301076,1909f56bfc062723c751e8b465ee728b)  -> (artifact id: '0b5de82b2f251979ed42f6c8aab79b2c') in 0.023336 seconds 
  Import took 0.031625 seconds .

========================================================================
Received Import Request.
  Time since last request: 38.115118 seconds.
  path: Assets/Images/trash_organic.png
  artifactKey: Guid(4e16a7a6f13935a4c9ef5b19c7ace4c2) Importer(815301076,1909f56bfc062723c751e8b465ee728b)
Start importing Assets/Images/trash_organic.png using Guid(4e16a7a6f13935a4c9ef5b19c7ace4c2) Importer(815301076,1909f56bfc062723c751e8b465ee728b)  -> (artifact id: 'd65ae6e47e571d50b48ab4b8799e491b') in 0.248155 seconds 
  Import took 0.295625 seconds .

========================================================================
Received Import Request.
  Time since last request: 9.034273 seconds.
  path: Assets/Images/monsters1.png
  artifactKey: Guid(be2412e79917d964f9709a72e88aff6b) Importer(815301076,1909f56bfc062723c751e8b465ee728b)
Start importing Assets/Images/monsters1.png using Guid(be2412e79917d964f9709a72e88aff6b) Importer(815301076,1909f56bfc062723c751e8b465ee728b)  -> (artifact id: '06007ed1b4395048734194368544eeb8') in 0.022597 seconds 
  Import took 0.028063 seconds .

========================================================================
Received Import Request.
  Time since last request: 96.133867 seconds.
  path: Assets/Images/monsters1.png
  artifactKey: Guid(be2412e79917d964f9709a72e88aff6b) Importer(815301076,1909f56bfc062723c751e8b465ee728b)
Start importing Assets/Images/monsters1.png using Guid(be2412e79917d964f9709a72e88aff6b) Importer(815301076,1909f56bfc062723c751e8b465ee728b)  -> (artifact id: 'c5ee3574e353e3757b07c718c728675c') in 0.124664 seconds 
  Import took 0.131168 seconds .

========================================================================
Received Import Request.
  Time since last request: 8.357952 seconds.
  path: Assets/Images/monsters.png
  artifactKey: Guid(bb1bf86caabd94347b42b2a131af99b1) Importer(815301076,1909f56bfc062723c751e8b465ee728b)
Start importing Assets/Images/monsters.png using Guid(bb1bf86caabd94347b42b2a131af99b1) Importer(815301076,1909f56bfc062723c751e8b465ee728b)  -> (artifact id: 'c79e9b947d95c4d1249c283cb7f253c8') in 0.018940 seconds 
  Import took 0.023527 seconds .

========================================================================
Received Import Request.
  Time since last request: 0.007195 seconds.
  path: Assets/Images/monsters.png
  artifactKey: Guid(bb1bf86caabd94347b42b2a131af99b1) Importer(815301076,1909f56bfc062723c751e8b465ee728b)
Start importing Assets/Images/monsters.png using Guid(bb1bf86caabd94347b42b2a131af99b1) Importer(815301076,1909f56bfc062723c751e8b465ee728b)  -> (artifact id: 'c79e9b947d95c4d1249c283cb7f253c8') in 0.016190 seconds 
  Import took 0.021826 seconds .

========================================================================
Received Import Request.
  Time since last request: 12.414295 seconds.
  path: Assets/Images/monsters.png
  artifactKey: Guid(bb1bf86caabd94347b42b2a131af99b1) Importer(815301076,1909f56bfc062723c751e8b465ee728b)
Start importing Assets/Images/monsters.png using Guid(bb1bf86caabd94347b42b2a131af99b1) Importer(815301076,1909f56bfc062723c751e8b465ee728b)  -> (artifact id: 'ba2bcb6c31ff8d042af344350e535907') in 1.076778 seconds 
  Import took 1.084013 seconds .

========================================================================
Received Import Request.
  Time since last request: 8.281402 seconds.
  path: Assets/Images/characters.png
  artifactKey: Guid(ab29f7ce3e221ca4c849a3c8ecc58db2) Importer(815301076,1909f56bfc062723c751e8b465ee728b)
Start importing Assets/Images/characters.png using Guid(ab29f7ce3e221ca4c849a3c8ecc58db2) Importer(815301076,1909f56bfc062723c751e8b465ee728b)  -> (artifact id: 'bc27c5d696a32275d4f105a794580cb3') in 0.018406 seconds 
  Import took 0.023449 seconds .

========================================================================
Received Import Request.
  Time since last request: 149.103247 seconds.
  path: Assets/Images/characters.png
  artifactKey: Guid(ab29f7ce3e221ca4c849a3c8ecc58db2) Importer(815301076,1909f56bfc062723c751e8b465ee728b)
Start importing Assets/Images/characters.png using Guid(ab29f7ce3e221ca4c849a3c8ecc58db2) Importer(815301076,1909f56bfc062723c751e8b465ee728b)  -> (artifact id: 'e31a23671f63d3cd1964b89c21bb7bfa') in 1.668992 seconds 
  Import took 1.677112 seconds .

========================================================================
Received Import Request.
  Time since last request: 7.461997 seconds.
  path: Assets/Images/tilesets/floors
  artifactKey: Guid(e09c23e0fc4a7514986e12782e289109) Importer(815301076,1909f56bfc062723c751e8b465ee728b)
Start importing Assets/Images/tilesets/floors using Guid(e09c23e0fc4a7514986e12782e289109) Importer(815301076,1909f56bfc062723c751e8b465ee728b)  -> (artifact id: '21aed25ddc8809c319284d00547418b8') in 0.052005 seconds 
  Import took 0.058646 seconds .

========================================================================
Received Import Request.
  Time since last request: 9.065897 seconds.
  path: Assets/Images/objects/chest_01.png
  artifactKey: Guid(cb4b5fe00d6526d40a070746ccca33a3) Importer(815301076,1909f56bfc062723c751e8b465ee728b)
Start importing Assets/Images/objects/chest_01.png using Guid(cb4b5fe00d6526d40a070746ccca33a3) Importer(815301076,1909f56bfc062723c751e8b465ee728b)  -> (artifact id: '5d83edc33133226f2e2a7b81bda75a5e') in 0.016118 seconds 
  Import took 0.020735 seconds .

========================================================================
Received Import Request.
  Time since last request: 0.007902 seconds.
  path: Assets/Images/objects/chest_01.png
  artifactKey: Guid(cb4b5fe00d6526d40a070746ccca33a3) Importer(815301076,1909f56bfc062723c751e8b465ee728b)
Start importing Assets/Images/objects/chest_01.png using Guid(cb4b5fe00d6526d40a070746ccca33a3) Importer(815301076,1909f56bfc062723c751e8b465ee728b)  -> (artifact id: '5d83edc33133226f2e2a7b81bda75a5e') in 0.008693 seconds 
  Import took 0.013674 seconds .

========================================================================
Received Import Request.
  Time since last request: 93.387371 seconds.
  path: Assets/Images/objects/chest_01.png
  artifactKey: Guid(cb4b5fe00d6526d40a070746ccca33a3) Importer(815301076,1909f56bfc062723c751e8b465ee728b)
Start importing Assets/Images/objects/chest_01.png using Guid(cb4b5fe00d6526d40a070746ccca33a3) Importer(815301076,1909f56bfc062723c751e8b465ee728b)  -> (artifact id: '0fe5fc510cc467cd42463e72cc7ad0e8') in 0.026354 seconds 
  Import took 0.031545 seconds .

========================================================================
Received Import Request.
  Time since last request: 8.488506 seconds.
  path: Assets/Images/objects/objects.png
  artifactKey: Guid(eb214e49c7f6bf8409159a7843ab30ae) Importer(815301076,1909f56bfc062723c751e8b465ee728b)
Start importing Assets/Images/objects/objects.png using Guid(eb214e49c7f6bf8409159a7843ab30ae) Importer(815301076,1909f56bfc062723c751e8b465ee728b)  -> (artifact id: '63e3e734f1294fa782cec820d9a8b31e') in 0.016982 seconds 
  Import took 0.021661 seconds .

========================================================================
Received Import Request.
  Time since last request: 0.002216 seconds.
  path: Assets/Images/objects/objects.png
  artifactKey: Guid(eb214e49c7f6bf8409159a7843ab30ae) Importer(815301076,1909f56bfc062723c751e8b465ee728b)
Start importing Assets/Images/objects/objects.png using Guid(eb214e49c7f6bf8409159a7843ab30ae) Importer(815301076,1909f56bfc062723c751e8b465ee728b)  -> (artifact id: '63e3e734f1294fa782cec820d9a8b31e') in 0.009805 seconds 
  Import took 0.014433 seconds .

========================================================================
Received Import Request.
  Time since last request: 6.070824 seconds.
  path: Assets/Images/objects/objects.png
  artifactKey: Guid(eb214e49c7f6bf8409159a7843ab30ae) Importer(815301076,1909f56bfc062723c751e8b465ee728b)
Start importing Assets/Images/objects/objects.png using Guid(eb214e49c7f6bf8409159a7843ab30ae) Importer(815301076,1909f56bfc062723c751e8b465ee728b)  -> (artifact id: 'c317f22912f62531536c2b4ef01fe610') in 0.056084 seconds 
  Import took 0.060871 seconds .

========================================================================
Received Import Request.
  Time since last request: 27.184591 seconds.
  path: Assets/Images/tilesets/plains.png
  artifactKey: Guid(4b4d5fa60b538424faff8aaf9beca6c9) Importer(815301076,1909f56bfc062723c751e8b465ee728b)
Start importing Assets/Images/tilesets/plains.png using Guid(4b4d5fa60b538424faff8aaf9beca6c9) Importer(815301076,1909f56bfc062723c751e8b465ee728b)  -> (artifact id: '0ca64bd2a7b7f1ce09a4c8bd3abe876a') in 0.017347 seconds 
  Import took 0.022550 seconds .

========================================================================
Received Import Request.
  Time since last request: 0.005178 seconds.
  path: Assets/Images/tilesets/plains.png
  artifactKey: Guid(4b4d5fa60b538424faff8aaf9beca6c9) Importer(815301076,1909f56bfc062723c751e8b465ee728b)
Start importing Assets/Images/tilesets/plains.png using Guid(4b4d5fa60b538424faff8aaf9beca6c9) Importer(815301076,1909f56bfc062723c751e8b465ee728b)  -> (artifact id: '0ca64bd2a7b7f1ce09a4c8bd3abe876a') in 0.018024 seconds 
  Import took 0.025695 seconds .

========================================================================
Received Import Request.
  Time since last request: 114.085727 seconds.
  path: Assets/Images/tilesets/plains.png
  artifactKey: Guid(4b4d5fa60b538424faff8aaf9beca6c9) Importer(815301076,1909f56bfc062723c751e8b465ee728b)
Start importing Assets/Images/tilesets/plains.png using Guid(4b4d5fa60b538424faff8aaf9beca6c9) Importer(815301076,1909f56bfc062723c751e8b465ee728b)  -> (artifact id: 'ca156f44cc74bc7b6bdad2cfffe9405f') in 0.651864 seconds 
  Import took 0.658483 seconds .

========================================================================
Received Import Request.
  Time since last request: 10.638828 seconds.
  path: Assets/Images/tilesets/fences.png
  artifactKey: Guid(02668430440c8784184a9a3501c33604) Importer(815301076,1909f56bfc062723c751e8b465ee728b)
Start importing Assets/Images/tilesets/fences.png using Guid(02668430440c8784184a9a3501c33604) Importer(815301076,1909f56bfc062723c751e8b465ee728b)  -> (artifact id: '2a9e00dd8e0e828e05a2d632b5101a9b') in 0.013544 seconds 
  Import took 0.018656 seconds .

========================================================================
Received Import Request.
  Time since last request: 0.008288 seconds.
  path: Assets/Images/tilesets/fences.png
  artifactKey: Guid(02668430440c8784184a9a3501c33604) Importer(815301076,1909f56bfc062723c751e8b465ee728b)
Start importing Assets/Images/tilesets/fences.png using Guid(02668430440c8784184a9a3501c33604) Importer(815301076,1909f56bfc062723c751e8b465ee728b)  -> (artifact id: '2a9e00dd8e0e828e05a2d632b5101a9b') in 0.008635 seconds 
  Import took 0.013699 seconds .

========================================================================
Received Import Request.
  Time since last request: 78.343401 seconds.
  path: Assets/Images/tilesets/fences.png
  artifactKey: Guid(02668430440c8784184a9a3501c33604) Importer(815301076,1909f56bfc062723c751e8b465ee728b)
Start importing Assets/Images/tilesets/fences.png using Guid(02668430440c8784184a9a3501c33604) Importer(815301076,1909f56bfc062723c751e8b465ee728b)  -> (artifact id: 'b202a5b47f0139018cff41d8b80b453c') in 0.079657 seconds 
  Import took 0.086070 seconds .

========================================================================
Received Import Request.
  Time since last request: 8.108180 seconds.
  path: Assets/Images/tilesets/walls
  artifactKey: Guid(557c30d5f154971478271b79e053887d) Importer(815301076,1909f56bfc062723c751e8b465ee728b)
Start importing Assets/Images/tilesets/walls using Guid(557c30d5f154971478271b79e053887d) Importer(815301076,1909f56bfc062723c751e8b465ee728b)  -> (artifact id: '836aa46c4bfd08233bc5c5e10b85d35e') in 0.007620 seconds 
  Import took 0.012668 seconds .

========================================================================
Received Import Request.
  Time since last request: 0.086231 seconds.
  path: Assets/Images/tilesets/walls/walls.png
  artifactKey: Guid(ec59a1e9b7169fa4799e6cf8a6969ac1) Importer(815301076,1909f56bfc062723c751e8b465ee728b)
Start importing Assets/Images/tilesets/walls/walls.png using Guid(ec59a1e9b7169fa4799e6cf8a6969ac1) Importer(815301076,1909f56bfc062723c751e8b465ee728b)  -> (artifact id: 'bf1bac7fa98efcfe6da51781130a97a6') in 0.065058 seconds 
  Import took 0.072699 seconds .

========================================================================
Received Import Request.
  Time since last request: 0.000548 seconds.
  path: Assets/Images/tilesets/walls/wooden_door.png
  artifactKey: Guid(a12ed3231aa5f7241b2ed25a6932c6c4) Importer(815301076,1909f56bfc062723c751e8b465ee728b)
Start importing Assets/Images/tilesets/walls/wooden_door.png using Guid(a12ed3231aa5f7241b2ed25a6932c6c4) Importer(815301076,1909f56bfc062723c751e8b465ee728b)  -> (artifact id: '4656cdcbb0aec201eb3cfedfd6583a7d') in 0.031171 seconds 
  Import took 0.038351 seconds .

========================================================================
Received Import Request.
  Time since last request: 0.000438 seconds.
  path: Assets/Images/tilesets/walls/wooden_door_b.png
  artifactKey: Guid(68e90e05600e38c4e9a978e3f20a8e78) Importer(815301076,1909f56bfc062723c751e8b465ee728b)
Start importing Assets/Images/tilesets/walls/wooden_door_b.png using Guid(68e90e05600e38c4e9a978e3f20a8e78) Importer(815301076,1909f56bfc062723c751e8b465ee728b)  -> (artifact id: 'd7dfe90aca9bd1b4d335d953ee1e83bb') in 0.026572 seconds 
  Import took 0.031171 seconds .

========================================================================
Received Import Request.
  Time since last request: 0.000381 seconds.
  path: Assets/Images/tilesets/walls/wooden_door.png
  artifactKey: Guid(a12ed3231aa5f7241b2ed25a6932c6c4) Importer(815301076,1909f56bfc062723c751e8b465ee728b)
Start importing Assets/Images/tilesets/walls/wooden_door.png using Guid(a12ed3231aa5f7241b2ed25a6932c6c4) Importer(815301076,1909f56bfc062723c751e8b465ee728b)  -> (artifact id: '4656cdcbb0aec201eb3cfedfd6583a7d') in 0.012913 seconds 
  Import took 0.017449 seconds .

========================================================================
Received Import Request.
  Time since last request: 0.000361 seconds.
  path: Assets/Images/tilesets/walls/wooden_door_b.png
  artifactKey: Guid(68e90e05600e38c4e9a978e3f20a8e78) Importer(815301076,1909f56bfc062723c751e8b465ee728b)
Start importing Assets/Images/tilesets/walls/wooden_door_b.png using Guid(68e90e05600e38c4e9a978e3f20a8e78) Importer(815301076,1909f56bfc062723c751e8b465ee728b)  -> (artifact id: 'd7dfe90aca9bd1b4d335d953ee1e83bb') in 0.012854 seconds 
  Import took 0.019485 seconds .

========================================================================
Received Import Request.
  Time since last request: 5.921051 seconds.
  path: Assets/Images/tilesets/walls/walls.png
  artifactKey: Guid(ec59a1e9b7169fa4799e6cf8a6969ac1) Importer(815301076,1909f56bfc062723c751e8b465ee728b)
Start importing Assets/Images/tilesets/walls/walls.png using Guid(ec59a1e9b7169fa4799e6cf8a6969ac1) Importer(815301076,1909f56bfc062723c751e8b465ee728b)  -> (artifact id: '902fc4f3a889c66dec758cfec7d602fb') in 0.023143 seconds 
  Import took 0.030430 seconds .

========================================================================
Received Import Request.
  Time since last request: 0.006592 seconds.
  path: Assets/Images/tilesets/walls/walls.png
  artifactKey: Guid(ec59a1e9b7169fa4799e6cf8a6969ac1) Importer(815301076,1909f56bfc062723c751e8b465ee728b)
Start importing Assets/Images/tilesets/walls/walls.png using Guid(ec59a1e9b7169fa4799e6cf8a6969ac1) Importer(815301076,1909f56bfc062723c751e8b465ee728b)  -> (artifact id: '902fc4f3a889c66dec758cfec7d602fb') in 0.011822 seconds 
  Import took 0.021705 seconds .

========================================================================
Received Import Request.
  Time since last request: 72.251672 seconds.
  path: Assets/Images/tilesets/walls/walls.png
  artifactKey: Guid(ec59a1e9b7169fa4799e6cf8a6969ac1) Importer(815301076,1909f56bfc062723c751e8b465ee728b)
Start importing Assets/Images/tilesets/walls/walls.png using Guid(ec59a1e9b7169fa4799e6cf8a6969ac1) Importer(815301076,1909f56bfc062723c751e8b465ee728b)  -> (artifact id: 'de218cc0db4a5463a6ac8380afc13f8c') in 0.143405 seconds 
  Import took 0.150012 seconds .

========================================================================
Received Import Request.
  Time since last request: 6.037635 seconds.
  path: Assets/Images/tilesets/floors/wooden.png
  artifactKey: Guid(9eea9f81fb255334ab362a329e3f200e) Importer(815301076,1909f56bfc062723c751e8b465ee728b)
Start importing Assets/Images/tilesets/floors/wooden.png using Guid(9eea9f81fb255334ab362a329e3f200e) Importer(815301076,1909f56bfc062723c751e8b465ee728b)  -> (artifact id: '7976dca9d866410d84437762c7d5b4aa') in 0.063285 seconds 
  Import took 0.071813 seconds .

========================================================================
Received Import Request.
  Time since last request: 18.373623 seconds.
  path: Assets/Images/tilesets/walls/wooden_door.png
  artifactKey: Guid(a12ed3231aa5f7241b2ed25a6932c6c4) Importer(815301076,1909f56bfc062723c751e8b465ee728b)
Start importing Assets/Images/tilesets/walls/wooden_door.png using Guid(a12ed3231aa5f7241b2ed25a6932c6c4) Importer(815301076,1909f56bfc062723c751e8b465ee728b)  -> (artifact id: '478c1cc8d145780aef29d81953a710cd') in 0.017358 seconds 
  Import took 0.024357 seconds .

========================================================================
Received Import Request.
  Time since last request: 0.016913 seconds.
  path: Assets/Images/tilesets/walls/wooden_door.png
  artifactKey: Guid(a12ed3231aa5f7241b2ed25a6932c6c4) Importer(815301076,1909f56bfc062723c751e8b465ee728b)
Start importing Assets/Images/tilesets/walls/wooden_door.png using Guid(a12ed3231aa5f7241b2ed25a6932c6c4) Importer(815301076,1909f56bfc062723c751e8b465ee728b)  -> (artifact id: '478c1cc8d145780aef29d81953a710cd') in 0.007243 seconds 
  Import took 0.014712 seconds .

========================================================================
Received Import Request.
  Time since last request: 162.795249 seconds.
  path: Assets/Images/tilesets/walls/wooden_door.png
  artifactKey: Guid(a12ed3231aa5f7241b2ed25a6932c6c4) Importer(815301076,1909f56bfc062723c751e8b465ee728b)
Start importing Assets/Images/tilesets/walls/wooden_door.png using Guid(a12ed3231aa5f7241b2ed25a6932c6c4) Importer(815301076,1909f56bfc062723c751e8b465ee728b)  -> (artifact id: '5e176fe5d3808cd3ec2f5d8403fc7d8c') in 0.089062 seconds 
  Import took 0.095923 seconds .

========================================================================
Received Import Request.
  Time since last request: 73.620353 seconds.
  path: Assets/Images/tilesets/decor_16x16.png
  artifactKey: Guid(f13a1860b863c034aa1b8a4d62893e30) Importer(815301076,1909f56bfc062723c751e8b465ee728b)
Start importing Assets/Images/tilesets/decor_16x16.png using Guid(f13a1860b863c034aa1b8a4d62893e30) Importer(815301076,1909f56bfc062723c751e8b465ee728b)  -> (artifact id: 'd23ede774a89cd9f1df4667079b6bb11') in 0.015560 seconds 
  Import took 0.020561 seconds .

========================================================================
Received Import Request.
  Time since last request: 0.003561 seconds.
  path: Assets/Images/tilesets/decor_16x16.png
  artifactKey: Guid(f13a1860b863c034aa1b8a4d62893e30) Importer(815301076,1909f56bfc062723c751e8b465ee728b)
Start importing Assets/Images/tilesets/decor_16x16.png using Guid(f13a1860b863c034aa1b8a4d62893e30) Importer(815301076,1909f56bfc062723c751e8b465ee728b)  -> (artifact id: 'd23ede774a89cd9f1df4667079b6bb11') in 0.008750 seconds 
  Import took 0.015496 seconds .

========================================================================
Received Import Request.
  Time since last request: 17.140532 seconds.
  path: Assets/Images/tilesets/decor_16x16.png
  artifactKey: Guid(f13a1860b863c034aa1b8a4d62893e30) Importer(815301076,1909f56bfc062723c751e8b465ee728b)
Start importing Assets/Images/tilesets/decor_16x16.png using Guid(f13a1860b863c034aa1b8a4d62893e30) Importer(815301076,1909f56bfc062723c751e8b465ee728b)  -> (artifact id: 'd200edf3a59f025218d8c709b72d7406') in 0.040913 seconds 
  Import took 0.049112 seconds .

========================================================================
Received Import Request.
  Time since last request: 15.850501 seconds.
  path: Assets/Images/tilesets/walls/wooden_door_b.png
  artifactKey: Guid(68e90e05600e38c4e9a978e3f20a8e78) Importer(815301076,1909f56bfc062723c751e8b465ee728b)
Start importing Assets/Images/tilesets/walls/wooden_door_b.png using Guid(68e90e05600e38c4e9a978e3f20a8e78) Importer(815301076,1909f56bfc062723c751e8b465ee728b)  -> (artifact id: 'ee511ff0abbba5da47cc92cfb5cb47af') in 0.011377 seconds 
  Import took 0.016092 seconds .

========================================================================
Received Import Request.
  Time since last request: 0.009196 seconds.
  path: Assets/Images/tilesets/walls/wooden_door_b.png
  artifactKey: Guid(68e90e05600e38c4e9a978e3f20a8e78) Importer(815301076,1909f56bfc062723c751e8b465ee728b)
Start importing Assets/Images/tilesets/walls/wooden_door_b.png using Guid(68e90e05600e38c4e9a978e3f20a8e78) Importer(815301076,1909f56bfc062723c751e8b465ee728b)  -> (artifact id: 'ee511ff0abbba5da47cc92cfb5cb47af') in 0.008375 seconds 
  Import took 0.013193 seconds .

========================================================================
Received Import Request.
  Time since last request: 7.638490 seconds.
  path: Assets/Images/tilesets/walls/wooden_door_b.png
  artifactKey: Guid(68e90e05600e38c4e9a978e3f20a8e78) Importer(815301076,1909f56bfc062723c751e8b465ee728b)
Start importing Assets/Images/tilesets/walls/wooden_door_b.png using Guid(68e90e05600e38c4e9a978e3f20a8e78) Importer(815301076,1909f56bfc062723c751e8b465ee728b)  -> (artifact id: 'a341ffe9dea50ce44e1f9359052da120') in 0.044172 seconds 
  Import took 0.048784 seconds .

========================================================================
Received Import Request.
  Time since last request: 22.842044 seconds.
  path: Assets/Images/tilesets/water_decorations.png
  artifactKey: Guid(b7b30a05c14848d44a9479f139c15c05) Importer(815301076,1909f56bfc062723c751e8b465ee728b)
Start importing Assets/Images/tilesets/water_decorations.png using Guid(b7b30a05c14848d44a9479f139c15c05) Importer(815301076,1909f56bfc062723c751e8b465ee728b)  -> (artifact id: '266477c8f0ec5ee2b008b736f384de76') in 0.017577 seconds 
  Import took 0.022434 seconds .

========================================================================
Received Import Request.
  Time since last request: 0.001718 seconds.
  path: Assets/Images/tilesets/water_decorations.png
  artifactKey: Guid(b7b30a05c14848d44a9479f139c15c05) Importer(815301076,1909f56bfc062723c751e8b465ee728b)
Start importing Assets/Images/tilesets/water_decorations.png using Guid(b7b30a05c14848d44a9479f139c15c05) Importer(815301076,1909f56bfc062723c751e8b465ee728b)  -> (artifact id: '266477c8f0ec5ee2b008b736f384de76') in 0.008005 seconds 
  Import took 0.012597 seconds .

========================================================================
Received Import Request.
  Time since last request: 7.407147 seconds.
  path: Assets/Images/tilesets/water_decorations.png
  artifactKey: Guid(b7b30a05c14848d44a9479f139c15c05) Importer(815301076,1909f56bfc062723c751e8b465ee728b)
Start importing Assets/Images/tilesets/water_decorations.png using Guid(b7b30a05c14848d44a9479f139c15c05) Importer(815301076,1909f56bfc062723c751e8b465ee728b)  -> (artifact id: '377e8194616a49499dfb29ca67fceb92') in 0.036067 seconds 
  Import took 0.040999 seconds .

AssetImportWorkerClient::OnTransportError - code=2 error=End of file
