Using pre-set license
Built from '2020.3/staging' branch; Version is '2020.3.14f1 (d0d1bb862f9d) revision 13685179'; Using compiler version '192528614'; Build Type 'Release'
OS: 'Windows 10 Pro; OS build 22621.674; Version 2009; 64bit' Language: 'en' Physical Memory: 16226 MB
BatchMode: 1, IsHumanControllingUs: 0, StartBugReporterOnCrash: 0, Is64bit: 1, IsPro: 0

 COMMAND LINE ARGUMENTS:
C:\Program Files\Unity\Hub\Editor\2020.3.14f1\Editor\Unity.exe
-adb2
-batchMode
-noUpm
-name
AssetImportWorker0
-projectPath
E:/hcmus/game_dev/projects/GarcolMaze/GarcolMaze
-logFile
Logs/AssetImportWorker0.log
-srvPort
33837
Successfully changed project path to: E:/hcmus/game_dev/projects/GarcolMaze/GarcolMaze
E:/hcmus/game_dev/projects/GarcolMaze/GarcolMaze
Using Asset Import Pipeline V2.
Refreshing native plugins compatible for Editor in 37.40 ms, found 3 plugins.
Preloading 0 native plugins for Editor in 0.00 ms.
Initialize engine version: 2020.3.14f1 (d0d1bb862f9d)
[Subsystems] Discovering subsystems at path C:/Program Files/Unity/Hub/Editor/2020.3.14f1/Editor/Data/Resources/UnitySubsystems
[Subsystems] Discovering subsystems at path E:/hcmus/game_dev/projects/GarcolMaze/GarcolMaze/Assets
GfxDevice: creating device client; threaded=0
Direct3D:
    Version:  Direct3D 11.0 [level 11.1]
    Renderer: NVIDIA GeForce GTX 1050 (ID=0x1c8d)
    Vendor:   
    VRAM:     4019 MB
    Driver:   30.0.15.1165
Initialize mono
Mono path[0] = 'C:/Program Files/Unity/Hub/Editor/2020.3.14f1/Editor/Data/Managed'
Mono path[1] = 'C:/Program Files/Unity/Hub/Editor/2020.3.14f1/Editor/Data/MonoBleedingEdge/lib/mono/unityjit'
Mono config path = 'C:/Program Files/Unity/Hub/Editor/2020.3.14f1/Editor/Data/MonoBleedingEdge/etc'
Using monoOptions --debugger-agent=transport=dt_socket,embedding=1,server=y,suspend=n,address=127.0.0.1:56888
Begin MonoManager ReloadAssembly
Registering precompiled unity dll's ...
Register platform support module: C:/Program Files/Unity/Hub/Editor/2020.3.14f1/Editor/Data/PlaybackEngines/WindowsStandaloneSupport/UnityEditor.WindowsStandalone.Extensions.dll
Registered in 0.001596 seconds.
Native extension for WindowsStandalone target not found
Refreshing native plugins compatible for Editor in 45.12 ms, found 3 plugins.
Preloading 0 native plugins for Editor in 0.00 ms.
Mono: successfully reloaded assembly
- Completed reload, in  1.162 seconds
Domain Reload Profiling:
	ReloadAssembly (1162ms)
		BeginReloadAssembly (50ms)
			ExecutionOrderSort (0ms)
			DisableScriptedObjects (0ms)
			BackupInstance (0ms)
			ReleaseScriptingObjects (0ms)
			CreateAndSetChildDomain (1ms)
		EndReloadAssembly (449ms)
			LoadAssemblies (48ms)
			RebuildTransferFunctionScriptingTraits (0ms)
			SetupTypeCache (165ms)
			ReleaseScriptCaches (0ms)
			RebuildScriptCaches (33ms)
			SetupLoadedEditorAssemblies (180ms)
				LogAssemblyErrors (0ms)
				InitializePlatformSupportModulesInManaged (4ms)
				SetLoadedEditorAssemblies (0ms)
				RefreshPlugins (45ms)
				BeforeProcessingInitializeOnLoad (16ms)
				ProcessInitializeOnLoadAttributes (82ms)
				ProcessInitializeOnLoadMethodAttributes (33ms)
				AfterProcessingInitializeOnLoad (0ms)
				EditorAssembliesLoaded (0ms)
			ExecutionOrderSort2 (0ms)
			AwakeInstancesAfterBackupRestoration (0ms)
Platform modules already initialized, skipping
Registering precompiled user dll's ...
Registered in 0.003045 seconds.
Begin MonoManager ReloadAssembly
Native extension for WindowsStandalone target not found
Refreshing native plugins compatible for Editor in 44.45 ms, found 3 plugins.
Preloading 0 native plugins for Editor in 0.00 ms.
Mono: successfully reloaded assembly
- Completed reload, in  1.230 seconds
Domain Reload Profiling:
	ReloadAssembly (1230ms)
		BeginReloadAssembly (151ms)
			ExecutionOrderSort (0ms)
			DisableScriptedObjects (5ms)
			BackupInstance (0ms)
			ReleaseScriptingObjects (0ms)
			CreateAndSetChildDomain (18ms)
		EndReloadAssembly (1020ms)
			LoadAssemblies (81ms)
			RebuildTransferFunctionScriptingTraits (0ms)
			SetupTypeCache (292ms)
			ReleaseScriptCaches (0ms)
			RebuildScriptCaches (55ms)
			SetupLoadedEditorAssemblies (439ms)
				LogAssemblyErrors (0ms)
				InitializePlatformSupportModulesInManaged (5ms)
				SetLoadedEditorAssemblies (0ms)
				RefreshPlugins (45ms)
				BeforeProcessingInitializeOnLoad (105ms)
				ProcessInitializeOnLoadAttributes (267ms)
				ProcessInitializeOnLoadMethodAttributes (12ms)
				AfterProcessingInitializeOnLoad (5ms)
				EditorAssembliesLoaded (0ms)
			ExecutionOrderSort2 (0ms)
			AwakeInstancesAfterBackupRestoration (7ms)
Platform modules already initialized, skipping
========================================================================
Worker process is ready to serve import requests
Launched and connected shader compiler UnityShaderCompiler.exe after 0.04 seconds
Refreshing native plugins compatible for Editor in 0.42 ms, found 3 plugins.
Preloading 0 native plugins for Editor in 0.00 ms.
Unloading 2084 Unused Serialized files (Serialized files now loaded: 0)
System memory in use before: 92.9 MB.
System memory in use after: 92.9 MB.

Unloading 33 unused Assets to reduce memory usage. Loaded Objects now: 2517.
Total: 2.386500 ms (FindLiveObjects: 0.200000 ms CreateObjectMapping: 0.075000 ms MarkObjects: 1.995300 ms  DeleteObjects: 0.115200 ms)

AssetImportParameters requested are different than current active one (requested -> active):
  custom:framework-win-MediaFoundation: 216162199b28c13a410421893ffa2e32 -> 
  custom:video-decoder-ogg-theora: a1e56fd34408186e4bbccfd4996cb3dc -> 
  custom:container-muxer-webm: aa71ff27fc2769a1b78a27578f13a17b -> 
  custom:container-demuxer-webm: 4f35f7cbe854078d1ac9338744f61a02 -> 
  custom:container-demuxer-ogg: 62fdf1f143b41e24485cea50d1cbac27 -> 
  custom:video-encoder-webm-vp8: eb34c28f22e8b96e1ab97ce403110664 -> 
  custom:video-decoder-webm-vp8: 9c59270c3fd7afecdb556c50c9e8de78 -> 
  custom:audio-decoder-ogg-vorbis: bf7c407c2cedff20999df2af8eb42d56 -> 
  custom:audio-encoder-webm-vorbis: bf7c407c2cedff20999df2af8eb42d56 -> 
========================================================================
Received Import Request.
  path: Assets/Images/objects
  artifactKey: Guid(1ada2903b9a77f34b83f8db21976b708) Importer(815301076,1909f56bfc062723c751e8b465ee728b)
Start importing Assets/Images/objects using Guid(1ada2903b9a77f34b83f8db21976b708) Importer(815301076,1909f56bfc062723c751e8b465ee728b)  -> (artifact id: 'e9c2530744a61482d83768af03920030') in 0.003854 seconds 
  Import took 0.006745 seconds .

========================================================================
Received Import Request.
  Time since last request: 0.000288 seconds.
  path: Assets/Images/40 Random Items
  artifactKey: Guid(86cf94e928b10c246b6d407328646c99) Importer(815301076,1909f56bfc062723c751e8b465ee728b)
Start importing Assets/Images/40 Random Items using Guid(86cf94e928b10c246b6d407328646c99) Importer(815301076,1909f56bfc062723c751e8b465ee728b)  -> (artifact id: '45d62448c63a8c9b831e2c0102d0aefb') in 0.005047 seconds 
  Import took 0.009084 seconds .

========================================================================
Received Import Request.
  Time since last request: 166.690887 seconds.
  path: Assets/Images/monsters.png
  artifactKey: Guid(bb1bf86caabd94347b42b2a131af99b1) Importer(815301076,1909f56bfc062723c751e8b465ee728b)
Start importing Assets/Images/monsters.png using Guid(bb1bf86caabd94347b42b2a131af99b1) Importer(815301076,1909f56bfc062723c751e8b465ee728b)  -> (artifact id: '1b3f226a79c1f11dc74db359f6b6aaf4') in 0.092523 seconds 
  Import took 0.096097 seconds .

========================================================================
Received Import Request.
  Time since last request: 45.496063 seconds.
  path: Assets/Images/monsters1.png
  artifactKey: Guid(be2412e79917d964f9709a72e88aff6b) Importer(815301076,1909f56bfc062723c751e8b465ee728b)
Start importing Assets/Images/monsters1.png using Guid(be2412e79917d964f9709a72e88aff6b) Importer(815301076,1909f56bfc062723c751e8b465ee728b)  -> (artifact id: '51aa8e0840180b86a8728a88b0acbbe5') in 0.014839 seconds 
  Import took 0.018413 seconds .

========================================================================
Received Import Request.
  Time since last request: 17.772739 seconds.
  path: Assets/Images/characters.png
  artifactKey: Guid(ab29f7ce3e221ca4c849a3c8ecc58db2) Importer(815301076,1909f56bfc062723c751e8b465ee728b)
Start importing Assets/Images/characters.png using Guid(ab29f7ce3e221ca4c849a3c8ecc58db2) Importer(815301076,1909f56bfc062723c751e8b465ee728b)  -> (artifact id: '57ca8ee8175231ad8bc36ad30e5b5a5d') in 0.020365 seconds 
  Import took 0.024411 seconds .

========================================================================
Received Import Request.
  Time since last request: 31.010684 seconds.
  path: Assets/Images/trash_organic.png
  artifactKey: Guid(4e16a7a6f13935a4c9ef5b19c7ace4c2) Importer(815301076,1909f56bfc062723c751e8b465ee728b)
Start importing Assets/Images/trash_organic.png using Guid(4e16a7a6f13935a4c9ef5b19c7ace4c2) Importer(815301076,1909f56bfc062723c751e8b465ee728b)  -> (artifact id: '2e3a24078e98ef694250a85ec21184e3') in 0.021920 seconds 
  Import took 0.025715 seconds .

========================================================================
Received Import Request.
  Time since last request: 16.614481 seconds.
  path: Assets/Images/trash_recyclable.png
  artifactKey: Guid(d4aa76ab12bbcea4db4e33af49e025b9) Importer(815301076,1909f56bfc062723c751e8b465ee728b)
Start importing Assets/Images/trash_recyclable.png using Guid(d4aa76ab12bbcea4db4e33af49e025b9) Importer(815301076,1909f56bfc062723c751e8b465ee728b)  -> (artifact id: '6d47b60916a40a75aa934dfe36e89087') in 0.014979 seconds 
  Import took 0.018111 seconds .

========================================================================
Received Import Request.
  Time since last request: 27.547703 seconds.
  path: Assets/Images/trash_non_recycle
  artifactKey: Guid(94c75366431cc3748a132f73503c6432) Importer(815301076,1909f56bfc062723c751e8b465ee728b)
Start importing Assets/Images/trash_non_recycle using Guid(94c75366431cc3748a132f73503c6432) Importer(815301076,1909f56bfc062723c751e8b465ee728b)  -> (artifact id: '7b32fd2c6544c1fa5def328562e5cad8') in 0.006171 seconds 
  Import took 0.009538 seconds .

========================================================================
Received Import Request.
  Time since last request: 24.761055 seconds.
  path: Assets/Images/tilesets
  artifactKey: Guid(24fbc517c686e814885735eb8abba6bb) Importer(815301076,1909f56bfc062723c751e8b465ee728b)
Start importing Assets/Images/tilesets using Guid(24fbc517c686e814885735eb8abba6bb) Importer(815301076,1909f56bfc062723c751e8b465ee728b)  -> (artifact id: '38375b7ebde5882b27418ed576bd2c1a') in 0.007077 seconds 
  Import took 0.010935 seconds .

AssetImportWorkerClient::OnTransportError - code=2 error=End of file
